<?xml version="1.0" encoding="UTF-8"?>
<!-- Generated by org.testng.reporters.JUnitReportReporter -->
<testsuite hostname="Varsha" name="rc25.mFormsAutomation.Testcases.TC005_CreateFormWithDisplayControls" tests="1" failures="0" timestamp="29 Feb 2016 11:38:31 GMT" time="60.161" errors="1">
  <testcase name="main" time="60.161" classname="rc25.mFormsAutomation.Testcases.TC005_CreateFormWithDisplayControls">
    <error type="org.openqa.selenium.ElementNotVisibleException" message="Element is not currently visible and so may not be interacted with
Command duration or timeout: 10.09 seconds
Build info: version: &#039;2.52.0&#039;, revision: &#039;4c2593cfc3689a7fcd7be52549167e5ccc93ad28&#039;, time: &#039;2016-02-11 11:22:43&#039;
System info: host: &#039;Varsha&#039;, ip: &#039;192.168.1.198&#039;, os.name: &#039;Windows 8&#039;, os.arch: &#039;x86&#039;, os.version: &#039;6.2&#039;, java.version: &#039;1.8.0_73&#039;
Driver info: org.openqa.selenium.firefox.FirefoxDriver
Capabilities [{applicationCacheEnabled=true, rotatable=false, handlesAlerts=true, databaseEnabled=true, version=44.0.2, platform=WINDOWS, nativeEvents=false, acceptSslCerts=true, webStorageEnabled=true, locationContextEnabled=true, browserName=firefox, takesScreenshot=true, javascriptEnabled=true, cssSelectorsEnabled=true}]
Session ID: 2b1d9a1d-9c12-4d29-8179-08de12862abf">
      <![CDATA[org.openqa.selenium.ElementNotVisibleException: Element is not currently visible and so may not be interacted with
Command duration or timeout: 10.09 seconds
Build info: version: '2.52.0', revision: '4c2593cfc3689a7fcd7be52549167e5ccc93ad28', time: '2016-02-11 11:22:43'
System info: host: 'Varsha', ip: '192.168.1.198', os.name: 'Windows 8', os.arch: 'x86', os.version: '6.2', java.version: '1.8.0_73'
Driver info: org.openqa.selenium.firefox.FirefoxDriver
Capabilities [{applicationCacheEnabled=true, rotatable=false, handlesAlerts=true, databaseEnabled=true, version=44.0.2, platform=WINDOWS, nativeEvents=false, acceptSslCerts=true, webStorageEnabled=true, locationContextEnabled=true, browserName=firefox, takesScreenshot=true, javascriptEnabled=true, cssSelectorsEnabled=true}]
Session ID: 2b1d9a1d-9c12-4d29-8179-08de12862abf
	at sun.reflect.NativeConstructorAccessorImpl.newInstance0(Native Method)
	at sun.reflect.NativeConstructorAccessorImpl.newInstance(Unknown Source)
	at sun.reflect.DelegatingConstructorAccessorImpl.newInstance(Unknown Source)
	at java.lang.reflect.Constructor.newInstance(Unknown Source)
	at org.openqa.selenium.remote.ErrorHandler.createThrowable(ErrorHandler.java:206)
	at org.openqa.selenium.remote.ErrorHandler.throwIfResponseFailed(ErrorHandler.java:158)
	at org.openqa.selenium.remote.RemoteWebDriver.execute(RemoteWebDriver.java:678)
	at org.openqa.selenium.remote.RemoteWebElement.execute(RemoteWebElement.java:327)
	at org.openqa.selenium.remote.RemoteWebElement.click(RemoteWebElement.java:85)
	at sun.reflect.NativeMethodAccessorImpl.invoke0(Native Method)
	at sun.reflect.NativeMethodAccessorImpl.invoke(Unknown Source)
	at sun.reflect.DelegatingMethodAccessorImpl.invoke(Unknown Source)
	at java.lang.reflect.Method.invoke(Unknown Source)
	at org.openqa.selenium.support.pagefactory.internal.LocatingElementHandler.invoke(LocatingElementHandler.java:51)
	at com.sun.proxy.$Proxy6.click(Unknown Source)
	at rc25.mFormsAutomation.Actions_Library.CreateForm_Action.BlankForm(CreateForm_Action.java:54)
	at rc25.mFormsAutomation.Testcases.TC005_CreateFormWithDisplayControls.main(TC005_CreateFormWithDisplayControls.java:47)
	at sun.reflect.NativeMethodAccessorImpl.invoke0(Native Method)
	at sun.reflect.NativeMethodAccessorImpl.invoke(Unknown Source)
	at sun.reflect.DelegatingMethodAccessorImpl.invoke(Unknown Source)
	at java.lang.reflect.Method.invoke(Unknown Source)
	at org.testng.internal.MethodInvocationHelper.invokeMethod(MethodInvocationHelper.java:86)
	at org.testng.internal.Invoker.invokeMethod(Invoker.java:643)
	at org.testng.internal.Invoker.invokeTestMethod(Invoker.java:820)
	at org.testng.internal.Invoker.invokeTestMethods(Invoker.java:1128)
	at org.testng.internal.TestMethodWorker.invokeTestMethods(TestMethodWorker.java:129)
	at org.testng.internal.TestMethodWorker.run(TestMethodWorker.java:112)
	at org.testng.TestRunner.privateRun(TestRunner.java:782)
	at org.testng.TestRunner.run(TestRunner.java:632)
	at org.testng.SuiteRunner.runTest(SuiteRunner.java:366)
	at org.testng.SuiteRunner.runSequentially(SuiteRunner.java:361)
	at org.testng.SuiteRunner.privateRun(SuiteRunner.java:319)
	at org.testng.SuiteRunner.run(SuiteRunner.java:268)
	at org.testng.SuiteRunnerWorker.runSuite(SuiteRunnerWorker.java:52)
	at org.testng.SuiteRunnerWorker.run(SuiteRunnerWorker.java:86)
	at org.testng.TestNG.runSuitesSequentially(TestNG.java:1244)
	at org.testng.TestNG.runSuitesLocally(TestNG.java:1169)
	at org.testng.TestNG.run(TestNG.java:1064)
	at org.testng.remote.RemoteTestNG.run(RemoteTestNG.java:113)
	at org.testng.remote.RemoteTestNG.initAndRun(RemoteTestNG.java:206)
	at org.testng.remote.RemoteTestNG.main(RemoteTestNG.java:177)
Caused by: org.openqa.selenium.ElementNotVisibleException: Element is not currently visible and so may not be interacted with
Build info: version: '2.52.0', revision: '4c2593cfc3689a7fcd7be52549167e5ccc93ad28', time: '2016-02-11 11:22:43'
System info: host: 'Varsha', ip: '192.168.1.198', os.name: 'Windows 8', os.arch: 'x86', os.version: '6.2', java.version: '1.8.0_73'
Driver info: driver.version: unknown
	at <anonymous class>.fxdriver.preconditions.visible(file:///C:/Users/admin/AppData/Local/Temp/anonymous3428782074168754373webdriver-profile/extensions/fxdriver@googlecode.com/components/command-processor.js:10045)
	at <anonymous class>.DelayedCommand.prototype.checkPreconditions_(file:///C:/Users/admin/AppData/Local/Temp/anonymous3428782074168754373webdriver-profile/extensions/fxdriver@googlecode.com/components/command-processor.js:12597)
	at <anonymous class>.DelayedCommand.prototype.executeInternal_/h(file:///C:/Users/admin/AppData/Local/Temp/anonymous3428782074168754373webdriver-profile/extensions/fxdriver@googlecode.com/components/command-processor.js:12614)
	at <anonymous class>.fxdriver.Timer.prototype.setTimeout/<.notify(file:///C:/Users/admin/AppData/Local/Temp/anonymous3428782074168754373webdriver-profile/extensions/fxdriver@googlecode.com/components/command-processor.js:623)
	at <anonymous class>..send(http://rc25.mforms.us/bundles/jquery?v=iAfF7w_9xk3YMliaOVPqpx8pALBmF-FTbrao0RIgp_U1:1)
	at <anonymous class>..ajax(http://rc25.mforms.us/bundles/jquery?v=iAfF7w_9xk3YMliaOVPqpx8pALBmF-FTbrao0RIgp_U1:1)
	at <anonymous class>.gr(http://rc25.mforms.us/bundles/jquery?v=iAfF7w_9xk3YMliaOVPqpx8pALBmF-FTbrao0RIgp_U1:1)
	at <anonymous class>.i</<.each(http://rc25.mforms.us/bundles/jquery?v=iAfF7w_9xk3YMliaOVPqpx8pALBmF-FTbrao0RIgp_U1:1)
	at <anonymous class>..domManip(http://rc25.mforms.us/bundles/jquery?v=iAfF7w_9xk3YMliaOVPqpx8pALBmF-FTbrao0RIgp_U1:1)
	at <anonymous class>..append(http://rc25.mforms.us/bundles/jquery?v=iAfF7w_9xk3YMliaOVPqpx8pALBmF-FTbrao0RIgp_U1:1)
	at <anonymous class>..html(http://rc25.mforms.us/bundles/jquery?v=iAfF7w_9xk3YMliaOVPqpx8pALBmF-FTbrao0RIgp_U1:1)
	at <anonymous class>.GetPhotoStream/<.success(http://rc25.mforms.us/bundles/dashboardjs?v=Bg0vFkelp58HdcF3vYimsBLE-tvt_oBuC7DtyCosLzM1:1)
	at <anonymous class>.i.Callbacks/a(http://rc25.mforms.us/bundles/jquery?v=iAfF7w_9xk3YMliaOVPqpx8pALBmF-FTbrao0RIgp_U1:1)
	at <anonymous class>.i.Callbacks/o.fireWith(http://rc25.mforms.us/bundles/jquery?v=iAfF7w_9xk3YMliaOVPqpx8pALBmF-FTbrao0RIgp_U1:1)
	at <anonymous class>.y(http://rc25.mforms.us/bundles/jquery?v=iAfF7w_9xk3YMliaOVPqpx8pALBmF-FTbrao0RIgp_U1:1)
	at <anonymous class>..send/u(http://rc25.mforms.us/bundles/jquery?v=iAfF7w_9xk3YMliaOVPqpx8pALBmF-FTbrao0RIgp_U1:1)
	at <anonymous class>..send(http://rc25.mforms.us/bundles/jquery?v=iAfF7w_9xk3YMliaOVPqpx8pALBmF-FTbrao0RIgp_U1:1)
	at <anonymous class>..ajax(http://rc25.mforms.us/bundles/jquery?v=iAfF7w_9xk3YMliaOVPqpx8pALBmF-FTbrao0RIgp_U1:1)
	at <anonymous class>.gr(http://rc25.mforms.us/bundles/jquery?v=iAfF7w_9xk3YMliaOVPqpx8pALBmF-FTbrao0RIgp_U1:1)
	at <anonymous class>.i</<.each(http://rc25.mforms.us/bundles/jquery?v=iAfF7w_9xk3YMliaOVPqpx8pALBmF-FTbrao0RIgp_U1:1)
	at <anonymous class>..domManip(http://rc25.mforms.us/bundles/jquery?v=iAfF7w_9xk3YMliaOVPqpx8pALBmF-FTbrao0RIgp_U1:1)
	at <anonymous class>..append(http://rc25.mforms.us/bundles/jquery?v=iAfF7w_9xk3YMliaOVPqpx8pALBmF-FTbrao0RIgp_U1:1)
	at <anonymous class>..html(http://rc25.mforms.us/bundles/jquery?v=iAfF7w_9xk3YMliaOVPqpx8pALBmF-FTbrao0RIgp_U1:1)
	at <anonymous class>.GetMapView/<.success(http://rc25.mforms.us/bundles/dashboardjs?v=Bg0vFkelp58HdcF3vYimsBLE-tvt_oBuC7DtyCosLzM1:1)
	at <anonymous class>.i.Callbacks/a(http://rc25.mforms.us/bundles/jquery?v=iAfF7w_9xk3YMliaOVPqpx8pALBmF-FTbrao0RIgp_U1:1)
	at <anonymous class>.i.Callbacks/o.fireWith(http://rc25.mforms.us/bundles/jquery?v=iAfF7w_9xk3YMliaOVPqpx8pALBmF-FTbrao0RIgp_U1:1)
	at <anonymous class>.y(http://rc25.mforms.us/bundles/jquery?v=iAfF7w_9xk3YMliaOVPqpx8pALBmF-FTbrao0RIgp_U1:1)
	at <anonymous class>..send/u(http://rc25.mforms.us/bundles/jquery?v=iAfF7w_9xk3YMliaOVPqpx8pALBmF-FTbrao0RIgp_U1:1)
]]>
    </error>
  </testcase> <!-- main -->
</testsuite> <!-- rc25.mFormsAutomation.Testcases.TC005_CreateFormWithDisplayControls -->
